TN:verilator_coverage
SF:final_TB.v
DA:3,139
BRDA:3,0,0,139
BRDA:3,0,1,139
DA:4,1
BRDA:4,0,0,1
BRDA:4,0,1,1
DA:5,4
BRDA:5,0,0,4
BRDA:5,0,1,4
DA:6,4
BRDA:6,0,0,4
BRDA:6,0,1,4
DA:7,10
BRDA:7,0,0,10
BRDA:7,0,1,9
DA:8,1
BRDA:8,0,0,1
BRDA:8,0,1,0
DA:9,3
BRDA:9,0,0,3
BRDA:9,0,1,3
DA:10,0
BRDA:10,0,0,0
BRDA:10,0,1,0
DA:11,3
BRDA:11,0,0,3
BRDA:11,0,1,3
DA:12,0
BRDA:12,0,0,0
BRDA:12,0,1,0
DA:29,0
DA:30,0
DA:31,278
BRDA:31,0,0,0
BRDA:31,0,1,0
BRDA:31,0,2,278
DA:34,1
DA:35,1
DA:38,1
DA:40,1
DA:41,1
DA:42,1
DA:43,1
DA:44,1
DA:45,1
DA:46,1
DA:47,1
DA:48,1
DA:51,1
DA:52,1
DA:53,1
DA:54,1
DA:55,1
DA:56,1
DA:57,1
DA:58,1
DA:59,1
DA:62,1
DA:63,1
DA:64,1
DA:65,1
DA:66,1
DA:67,1
DA:68,1
DA:69,1
DA:70,1
DA:73,1
DA:74,1
DA:75,1
DA:76,1
DA:77,1
DA:78,1
DA:79,1
DA:80,1
DA:81,1
DA:84,1
DA:85,1
DA:86,1
DA:87,1
DA:88,1
DA:89,1
DA:90,1
DA:91,1
DA:92,1
DA:95,1
DA:96,1
DA:97,1
DA:98,1
DA:99,1
DA:100,1
DA:101,1
DA:102,1
DA:103,1
DA:106,1
DA:107,1
DA:108,1
DA:109,21
BRDA:109,0,0,21
BRDA:109,0,1,1
DA:110,21
DA:112,1
DA:113,1
DA:114,1
DA:115,1
DA:118,1
DA:119,1
DA:120,1
DA:121,21
BRDA:121,0,0,21
BRDA:121,0,1,1
DA:122,21
DA:124,1
DA:125,1
DA:126,1
DA:127,1
DA:130,1
DA:131,1
DA:132,1
DA:133,1
DA:134,1
DA:135,1
DA:136,1
DA:137,1
DA:138,1
DA:141,1
DA:142,1
DA:143,1
DA:144,1
DA:145,1
DA:146,1
DA:147,1
DA:148,1
DA:149,1
DA:152,1
DA:153,1
DA:154,1
DA:155,1
DA:156,1
DA:157,1
DA:158,1
DA:159,21
BRDA:159,0,0,21
BRDA:159,0,1,1
DA:160,21
DA:162,1
DA:163,1
DA:164,1
DA:165,1
DA:168,1
DA:169,1
DA:170,1
DA:171,1
DA:172,1
DA:173,1
DA:174,1
DA:175,21
BRDA:175,0,0,21
BRDA:175,0,1,1
DA:176,21
DA:178,1
DA:179,1
DA:180,1
DA:181,1
DA:184,1
DA:185,1
DA:186,1
DA:187,1
DA:188,1
DA:189,1
DA:190,1
DA:191,1
DA:192,1
DA:195,1
DA:196,1
DA:197,1
DA:198,1
DA:199,1
DA:200,1
DA:201,1
DA:202,1
DA:203,1
DA:205,1
DA:206,1
BRF:31
BRH:8
end_of_record
SF:prob_lemmings4.v
DA:2,139
BRDA:2,0,0,139
BRDA:2,0,1,139
DA:3,1
BRDA:3,0,0,1
BRDA:3,0,1,1
DA:4,4
BRDA:4,0,0,4
BRDA:4,0,1,4
DA:5,4
BRDA:5,0,0,4
BRDA:5,0,1,4
DA:6,10
BRDA:6,0,0,10
BRDA:6,0,1,9
DA:7,1
BRDA:7,0,0,1
BRDA:7,0,1,0
DA:8,3
BRDA:8,0,0,3
BRDA:8,0,1,3
DA:9,0
BRDA:9,0,0,0
BRDA:9,0,1,0
DA:10,3
BRDA:10,0,0,3
BRDA:10,0,1,3
DA:11,0
BRDA:11,0,0,0
BRDA:11,0,1,0
DA:14,3
BRDA:14,0,0,0
BRDA:14,0,1,0
BRDA:14,0,2,3
BRDA:14,0,3,2
BRDA:14,0,4,1
BRDA:14,0,5,0
DA:15,3
BRDA:15,0,0,0
BRDA:15,0,1,0
BRDA:15,0,2,3
BRDA:15,0,3,2
BRDA:15,0,4,1
BRDA:15,0,5,0
DA:17,19
BRDA:17,0,0,19
BRDA:17,0,1,19
BRDA:17,0,2,10
BRDA:17,0,3,10
BRDA:17,0,4,5
BRDA:17,0,5,5
BRDA:17,0,6,2
BRDA:17,0,7,2
BRDA:17,0,8,2
BRDA:17,0,9,2
DA:19,558
DA:20,558
DA:21,464
BRDA:21,0,0,464
BRDA:21,0,1,94
BRDA:21,0,2,27
BRDA:21,0,3,17
DA:22,0
DA:23,10
BRDA:23,0,0,0
BRDA:23,0,1,10
DA:24,10
DA:25,0
DA:26,464
BRDA:26,0,0,0
BRDA:26,0,1,464
BRDA:26,0,2,94
DA:27,0
DA:28,0
BRDA:28,0,0,0
BRDA:28,0,1,0
DA:29,0
DA:30,464
BRDA:30,0,0,464
BRDA:30,0,1,94
BRDA:30,0,2,9
BRDA:30,0,3,151
BRDA:30,0,4,3
BRDA:30,0,5,6
BRDA:30,0,6,160
DA:31,464
BRDA:31,0,0,464
BRDA:31,0,1,94
BRDA:31,0,2,0
BRDA:31,0,3,0
BRDA:31,0,4,0
BRDA:31,0,5,0
BRDA:31,0,6,0
DA:32,464
BRDA:32,0,0,464
BRDA:32,0,1,94
BRDA:32,0,2,0
BRDA:32,0,3,0
BRDA:32,0,4,0
DA:33,464
BRDA:33,0,0,464
BRDA:33,0,1,94
BRDA:33,0,2,0
BRDA:33,0,3,0
BRDA:33,0,4,0
DA:34,371
DA:38,140
DA:39,137
BRDA:39,0,0,3
BRDA:39,0,1,137
DA:40,137
DA:43,139
DA:44,99
BRDA:44,0,0,99
BRDA:44,0,1,40
BRDA:44,0,2,0
BRDA:44,0,3,40
BRDA:44,0,4,99
DA:45,38
BRDA:45,0,0,38
BRDA:45,0,1,2
DA:46,38
DA:49,99
BRF:86
BRH:30
end_of_record
